2020-08-06 11:32:08 [INFO  ]: No stored delimiter found. Using default delimiter of , .
2020-08-06 11:32:35 [ERROR ]: MUT Failed to generate a token.  401.
2020-08-06 11:32:35 [ERROR ]: {
  "httpStatus" : 401,
  "errors" : [ ]
}
2020-08-06 11:32:50 [ERROR ]: MUT Failed to generate a token.  401.
2020-08-06 11:32:50 [ERROR ]: {
  "httpStatus" : 401,
  "errors" : [ ]
}
2020-08-06 11:32:57 [INFO  ]: A new token was successfully generated by MUT.  200.
2020-08-06 11:33:06 [INFO  ]: Saving CSV Templates to User's Downloads Directory.
2020-08-06 11:33:06 [INFO  ]: ReadMe file does not exist. Creating.
2020-08-06 11:33:06 [INFO  ]: User Template does not exist. Creating.
2020-08-06 11:33:06 [INFO  ]: Computer Template does not exist. Creating.
2020-08-06 11:33:06 [INFO  ]: Mobile Template does not exist. Creating.
2020-08-06 11:33:06 [INFO  ]: Group/Prestage Template does not exist. Creating.
2020-10-26 09:01:19 [INFO  ]: No stored delimiter found. Using default delimiter of , .
2020-10-26 09:01:27 [INFO  ]: A new token was successfully generated by MUT.  200.
2020-10-26 09:01:35 [INFO  ]: Saving CSV Templates to User's Downloads Directory.
2020-10-26 09:01:35 [INFO  ]: ReadMe file already exists. Skipping creation.
2020-10-26 09:01:35 [INFO  ]: User Template already exists. Skipping creation.
2020-10-26 09:01:35 [INFO  ]: Computer Template already exists. Skipping creation.
2020-10-26 09:01:35 [INFO  ]: Mobile Template already exists. Skipping creation.
2020-10-26 09:01:35 [INFO  ]: Group/Prestage Template already exists. Skipping creation.
2020-10-26 09:01:35 [ERROR ]: Error copying the readme file to the templates directory.
